<?xml version="1.0" encoding="UTF-8"?>
<!-- Generated by org.testng.reporters.JUnitReportReporter -->
<testsuite hostname="TYSS-Anil-Kumar" failures="0" tests="5" name="day42.DependencyMethods" time="0.031" errors="0" timestamp="2024-08-25T19:50:16 IST" skipped="0">
  <testcase classname="day42.DependencyMethods" name="openApp" time="0.020"/>
  <testcase classname="day42.DependencyMethods" name="login" time="0.005"/>
  <testcase classname="day42.DependencyMethods" name="search" time="0.001"/>
  <testcase classname="day42.DependencyMethods" name="advsearch" time="0.003"/>
  <testcase classname="day42.DependencyMethods" name="logout" time="0.002"/>
</testsuite> <!-- day42.DependencyMethods -->
