<?xml version="1.0" encoding="UTF-8"?>
<!-- Generated by org.testng.reporters.JUnitReportReporter -->
<testsuite hostname="TYSS-Anil-Kumar" failures="0" tests="2" name="day42.NewTest" time="8.372" errors="0" timestamp="2024-08-09T14:57:13 IST" skipped="0">
  <testcase classname="day42.NewTest" name="openApp" time="5.992"/>
  <testcase classname="day42.NewTest" name="Login" time="2.380"/>
</testsuite> <!-- day42.NewTest -->
